# JRE version: OpenJDK Runtime Environment Microsoft-9889599 (17.0.12+7) (build 17.0.12+7-LTS)
# Java VM: OpenJDK 64-Bit Server VM Microsoft-9889599 (17.0.12+7-LTS, mixed mode, sharing, tiered, compressed oops, compressed class ptrs, g1 gc, windows-amd64)
GC Precious Log:
 CPUs: 16 total, 16 available
 Memory: 15556M
 Large Page Support: Disabled
 NUMA Support: Disabled
 Compressed Oops: Enabled (Zero based)
 Heap Region Size: 2M
 Heap Min Capacity: 8M
 Heap Initial Capacity: 244M
 Heap Max Capacity: 3890M
 Pre-touch: Disabled
 Parallel Workers: 13
 Concurrent Workers: 3
 Concurrent Refinement Workers: 13
 Periodic GC: Disabled
Heap:
 garbage-first heap   total 1263616K, used 1150165K [0x000000070ce00000, 0x0000000800000000)
  region size 2048K, 5 young (10240K), 4 survivors (8192K)
 Metaspace       used 110028K, committed 110464K, reserved 1179648K
  class space    used 10563K, committed 10752K, reserved 1048576K
GC Heap History (20 events):
Event: 159.517 GC heap before
{Heap before GC invocations=150 (full 0):
 garbage-first heap   total 1263616K, used 1180146K [0x000000070ce00000, 0x0000000800000000)
  region size 2048K, 30 young (61440K), 4 survivors (8192K)
 Metaspace       used 109963K, committed 110400K, reserved 1179648K
  class space    used 10562K, committed 10752K, reserved 1048576K
}
Event: 159.520 GC heap after
{Heap after GC invocations=151 (full 0):
 garbage-first heap   total 1263616K, used 1129139K [0x000000070ce00000, 0x0000000800000000)
  region size 2048K, 3 young (6144K), 3 survivors (6144K)
 Metaspace       used 109963K, committed 110400K, reserved 1179648K
  class space    used 10562K, committed 10752K, reserved 1048576K
}
Event: 159.773 GC heap before
{Heap before GC invocations=151 (full 0):
 garbage-first heap   total 1263616K, used 1184435K [0x000000070ce00000, 0x0000000800000000)
  region size 2048K, 30 young (61440K), 3 survivors (6144K)
 Metaspace       used 109963K, committed 110400K, reserved 1179648K
  class space    used 10562K, committed 10752K, reserved 1048576K
}
Event: 159.780 GC heap after
{Heap after GC invocations=152 (full 0):
 garbage-first heap   total 1263616K, used 1130416K [0x000000070ce00000, 0x0000000800000000)
  region size 2048K, 3 young (6144K), 3 survivors (6144K)
 Metaspace       used 109963K, committed 110400K, reserved 1179648K
  class space    used 10562K, committed 10752K, reserved 1048576K
}
Event: 160.071 GC heap before
{Heap before GC invocations=152 (full 0):
 garbage-first heap   total 1263616K, used 1185712K [0x000000070ce00000, 0x0000000800000000)
  region size 2048K, 30 young (61440K), 3 survivors (6144K)
 Metaspace       used 109975K, committed 110400K, reserved 1179648K
  class space    used 10562K, committed 10752K, reserved 1048576K
}
Event: 160.074 GC heap after
{Heap after GC invocations=153 (full 0):
 garbage-first heap   total 1263616K, used 1130500K [0x000000070ce00000, 0x0000000800000000)
  region size 2048K, 2 young (4096K), 2 survivors (4096K)
 Metaspace       used 109975K, committed 110400K, reserved 1179648K
  class space    used 10562K, committed 10752K, reserved 1048576K
}
Event: 160.551 GC heap before
{Heap before GC invocations=153 (full 0):
 garbage-first heap   total 1263616K, used 1187844K [0x000000070ce00000, 0x0000000800000000)
  region size 2048K, 30 young (61440K), 2 survivors (4096K)
 Metaspace       used 109982K, committed 110400K, reserved 1179648K
  class space    used 10562K, committed 10752K, reserved 1048576K
}
Event: 160.554 GC heap after
{Heap after GC invocations=154 (full 0):
 garbage-first heap   total 1263616K, used 1132553K [0x000000070ce00000, 0x0000000800000000)
  region size 2048K, 3 young (6144K), 3 survivors (6144K)
 Metaspace       used 109982K, committed 110400K, reserved 1179648K
  class space    used 10562K, committed 10752K, reserved 1048576K
}
Event: 161.510 GC heap before
{Heap before GC invocations=154 (full 0):
 garbage-first heap   total 1263616K, used 1187849K [0x000000070ce00000, 0x0000000800000000)
  region size 2048K, 30 young (61440K), 3 survivors (6144K)
 Metaspace       used 109987K, committed 110400K, reserved 1179648K
  class space    used 10562K, committed 10752K, reserved 1048576K
}
Event: 161.515 GC heap after
{Heap after GC invocations=155 (full 0):
 garbage-first heap   total 1263616K, used 1135044K [0x000000070ce00000, 0x0000000800000000)
  region size 2048K, 4 young (8192K), 4 survivors (8192K)
 Metaspace       used 109987K, committed 110400K, reserved 1179648K
  class space    used 10562K, committed 10752K, reserved 1048576K
}
Event: 162.008 GC heap before
{Heap before GC invocations=155 (full 0):
 garbage-first heap   total 1263616K, used 1188292K [0x000000070ce00000, 0x0000000800000000)
  region size 2048K, 30 young (61440K), 4 survivors (8192K)
 Metaspace       used 109987K, committed 110400K, reserved 1179648K
  class space    used 10562K, committed 10752K, reserved 1048576K
}
Event: 162.012 GC heap after
{Heap after GC invocations=156 (full 0):
 garbage-first heap   total 1263616K, used 1137129K [0x000000070ce00000, 0x0000000800000000)
  region size 2048K, 3 young (6144K), 3 survivors (6144K)
 Metaspace       used 109987K, committed 110400K, reserved 1179648K
  class space    used 10562K, committed 10752K, reserved 1048576K
}
Event: 162.697 GC heap before
{Heap before GC invocations=156 (full 0):
 garbage-first heap   total 1263616K, used 1192425K [0x000000070ce00000, 0x0000000800000000)
  region size 2048K, 30 young (61440K), 3 survivors (6144K)
 Metaspace       used 110008K, committed 110464K, reserved 1179648K
  class space    used 10562K, committed 10752K, reserved 1048576K
}
Event: 162.704 GC heap after
{Heap after GC invocations=157 (full 0):
 garbage-first heap   total 1263616K, used 1141010K [0x000000070ce00000, 0x0000000800000000)
  region size 2048K, 4 young (8192K), 4 survivors (8192K)
 Metaspace       used 110008K, committed 110464K, reserved 1179648K
  class space    used 10562K, committed 10752K, reserved 1048576K
}
Event: 163.197 GC heap before
{Heap before GC invocations=157 (full 0):
 garbage-first heap   total 1263616K, used 1194258K [0x000000070ce00000, 0x0000000800000000)
  region size 2048K, 30 young (61440K), 4 survivors (8192K)
 Metaspace       used 110019K, committed 110464K, reserved 1179648K
  class space    used 10562K, committed 10752K, reserved 1048576K
}
Event: 163.202 GC heap after
{Heap after GC invocations=158 (full 0):
 garbage-first heap   total 1263616K, used 1143896K [0x000000070ce00000, 0x0000000800000000)
  region size 2048K, 3 young (6144K), 3 survivors (6144K)
 Metaspace       used 110019K, committed 110464K, reserved 1179648K
  class space    used 10562K, committed 10752K, reserved 1048576K
}
Event: 163.923 GC heap before
{Heap before GC invocations=158 (full 0):
 garbage-first heap   total 1263616K, used 1199192K [0x000000070ce00000, 0x0000000800000000)
  region size 2048K, 30 young (61440K), 3 survivors (6144K)
 Metaspace       used 110023K, committed 110464K, reserved 1179648K
  class space    used 10562K, committed 10752K, reserved 1048576K
}
Event: 163.927 GC heap after
{Heap after GC invocations=159 (full 0):
 garbage-first heap   total 1263616K, used 1147058K [0x000000070ce00000, 0x0000000800000000)
  region size 2048K, 2 young (4096K), 2 survivors (4096K)
 Metaspace       used 110023K, committed 110464K, reserved 1179648K
  class space    used 10562K, committed 10752K, reserved 1048576K
}
Event: 164.640 GC heap before
{Heap before GC invocations=159 (full 0):
 garbage-first heap   total 1263616K, used 1204402K [0x000000070ce00000, 0x0000000800000000)
  region size 2048K, 30 young (61440K), 2 survivors (4096K)
 Metaspace       used 110028K, committed 110464K, reserved 1179648K
  class space    used 10563K, committed 10752K, reserved 1048576K
}
Event: 164.643 GC heap after
{Heap after GC invocations=160 (full 0):
 garbage-first heap   total 1263616K, used 1150165K [0x000000070ce00000, 0x0000000800000000)
  region size 2048K, 4 young (8192K), 4 survivors (8192K)
 Metaspace       used 110028K, committed 110464K, reserved 1179648K
  class space    used 10563K, committed 10752K, reserved 1048576K
}

